[debug] [2024-09-25T07:46:08.300Z] ----------------------------------------------------------------------
[debug] [2024-09-25T07:46:08.301Z] Command:       C:\Program Files\nodejs\node.exe C:\Users\Admin\AppData\Roaming\npm\node_modules\firebase-tools\lib\bin\firebase.js deploy --only functions --debug
[debug] [2024-09-25T07:46:08.301Z] CLI Version:   11.30.0
[debug] [2024-09-25T07:46:08.301Z] Platform:      win32
[debug] [2024-09-25T07:46:08.302Z] Node Version:  v16.20.0
[debug] [2024-09-25T07:46:08.304Z] Time:          Wed Sep 25 2024 14:46:08 GMT+0700 (Indochina Time)
[debug] [2024-09-25T07:46:08.305Z] ----------------------------------------------------------------------
[debug] 
[debug] [2024-09-25T07:46:08.355Z] > command requires scopes: ["email","openid","https://www.googleapis.com/auth/cloudplatformprojects.readonly","https://www.googleapis.com/auth/firebase","https://www.googleapis.com/auth/cloud-platform"]
[debug] [2024-09-25T07:46:08.356Z] > authorizing via signed-in user (pctrungmagic@gmail.com)
[debug] [2024-09-25T07:46:08.356Z] [iam] checking project furino-2343b for permissions ["cloudfunctions.functions.create","cloudfunctions.functions.delete","cloudfunctions.functions.get","cloudfunctions.functions.list","cloudfunctions.functions.update","cloudfunctions.operations.get","firebase.projects.get"]
[debug] [2024-09-25T07:46:08.358Z] >>> [apiv2][query] POST https://cloudresourcemanager.googleapis.com/v1/projects/furino-2343b:testIamPermissions [none]
[debug] [2024-09-25T07:46:08.359Z] >>> [apiv2][(partial)header] POST https://cloudresourcemanager.googleapis.com/v1/projects/furino-2343b:testIamPermissions x-goog-quota-user=projects/furino-2343b
[debug] [2024-09-25T07:46:08.359Z] >>> [apiv2][body] POST https://cloudresourcemanager.googleapis.com/v1/projects/furino-2343b:testIamPermissions {"permissions":["cloudfunctions.functions.create","cloudfunctions.functions.delete","cloudfunctions.functions.get","cloudfunctions.functions.list","cloudfunctions.functions.update","cloudfunctions.operations.get","firebase.projects.get"]}
[debug] [2024-09-25T07:46:09.282Z] <<< [apiv2][status] POST https://cloudresourcemanager.googleapis.com/v1/projects/furino-2343b:testIamPermissions 200
[debug] [2024-09-25T07:46:09.282Z] <<< [apiv2][body] POST https://cloudresourcemanager.googleapis.com/v1/projects/furino-2343b:testIamPermissions {"permissions":["cloudfunctions.functions.create","cloudfunctions.functions.delete","cloudfunctions.functions.get","cloudfunctions.functions.list","cloudfunctions.functions.update","cloudfunctions.operations.get","firebase.projects.get"]}
[debug] [2024-09-25T07:46:09.283Z] >>> [apiv2][query] POST https://iam.googleapis.com/v1/projects/furino-2343b/serviceAccounts/furino-2343b@appspot.gserviceaccount.com:testIamPermissions [none]
[debug] [2024-09-25T07:46:09.284Z] >>> [apiv2][body] POST https://iam.googleapis.com/v1/projects/furino-2343b/serviceAccounts/furino-2343b@appspot.gserviceaccount.com:testIamPermissions {"permissions":["iam.serviceAccounts.actAs"]}
[debug] [2024-09-25T07:46:09.582Z] <<< [apiv2][status] POST https://iam.googleapis.com/v1/projects/furino-2343b/serviceAccounts/furino-2343b@appspot.gserviceaccount.com:testIamPermissions 200
[debug] [2024-09-25T07:46:09.582Z] <<< [apiv2][body] POST https://iam.googleapis.com/v1/projects/furino-2343b/serviceAccounts/furino-2343b@appspot.gserviceaccount.com:testIamPermissions {"permissions":["iam.serviceAccounts.actAs"]}
[info] 
[info] === Deploying to 'furino-2343b'...
[info] 
[info] i  deploying functions 
[info] Running command: npm --prefix "$RESOURCE_DIR" run lint
[error] 
[error] Error: functions predeploy error: Command terminated with non-zero exit code 1
